{"test_name": "test_feature", "error_type": "AssertionError", "error_message": "Expected 5, got 3", "traceback": "File test.py, line 10...", "timestamp": "2025-11-11T18:05:14.945830"}
{"test_name": "test_database_connection", "error_type": "ConnectionError", "error_message": "Could not connect to database", "solution": "Ensure database is running and credentials are correct", "timestamp": "2025-11-11T18:05:14.947103"}
{"error_type": "ImportError", "error_message": "No module named 'pytest'", "solution": "Install pytest: pip install pytest", "timestamp": "2025-11-11T18:05:14.948186"}
{"error_type": "TypeError", "error_message": "expected str, got int", "solution": "Convert int to str using str()", "timestamp": "2025-11-11T18:05:14.949488"}
{"error_type": "TypeError", "error_message": "expected int, got str", "solution": "Convert str to int using int()", "timestamp": "2025-11-11T18:05:14.949687"}
{"error_type": "FileNotFoundError", "error_message": "config.json not found", "solution": "Create config.json in project root", "session": "session_1", "timestamp": "2025-11-11T18:05:14.953355"}
{"test_name": "test_reflexion_marker_integration", "error_type": "IntegrationTestError", "error_message": "Testing reflexion integration", "timestamp": "2025-11-11T18:05:14.955135"}
{"test_name": "test_reflexion_with_real_exception", "error_type": "ZeroDivisionError", "error_message": "division by zero", "traceback": "simulated traceback", "solution": "Check denominator is not zero before division", "timestamp": "2025-11-11T18:05:14.956625"}
{"test_name": "test_feature", "error_type": "AssertionError", "error_message": "Expected 5, got 3", "traceback": "File test.py, line 10...", "timestamp": "2025-11-11T18:05:52.563775"}
{"test_name": "test_database_connection", "error_type": "ConnectionError", "error_message": "Could not connect to database", "solution": "Ensure database is running and credentials are correct", "timestamp": "2025-11-11T18:05:52.564932"}
{"error_type": "ImportError", "error_message": "No module named 'pytest'", "solution": "Install pytest: pip install pytest", "timestamp": "2025-11-11T18:05:52.566243"}
{"error_type": "TypeError", "error_message": "expected str, got int", "solution": "Convert int to str using str()", "timestamp": "2025-11-11T18:05:52.567884"}
{"error_type": "TypeError", "error_message": "expected int, got str", "solution": "Convert str to int using int()", "timestamp": "2025-11-11T18:05:52.568207"}
{"error_type": "FileNotFoundError", "error_message": "config.json not found", "solution": "Create config.json in project root", "session": "session_1", "timestamp": "2025-11-11T18:05:52.572514"}
{"test_name": "test_reflexion_marker_integration", "error_type": "IntegrationTestError", "error_message": "Testing reflexion integration", "timestamp": "2025-11-11T18:05:52.574152"}
{"test_name": "test_reflexion_with_real_exception", "error_type": "ZeroDivisionError", "error_message": "division by zero", "traceback": "simulated traceback", "solution": "Check denominator is not zero before division", "timestamp": "2025-11-11T18:05:52.575383"}
{"test_name": "test_feature", "error_type": "AssertionError", "error_message": "Expected 5, got 3", "traceback": "File test.py, line 10...", "timestamp": "2025-11-11T18:07:29.547542"}
{"test_name": "test_database_connection", "error_type": "ConnectionError", "error_message": "Could not connect to database", "solution": "Ensure database is running and credentials are correct", "timestamp": "2025-11-11T18:07:29.548522"}
{"error_type": "ImportError", "error_message": "No module named 'pytest'", "solution": "Install pytest: pip install pytest", "timestamp": "2025-11-11T18:07:29.549669"}
{"error_type": "TypeError", "error_message": "expected str, got int", "solution": "Convert int to str using str()", "timestamp": "2025-11-11T18:07:29.551484"}
{"error_type": "TypeError", "error_message": "expected int, got str", "solution": "Convert str to int using int()", "timestamp": "2025-11-11T18:07:29.551745"}
{"error_type": "FileNotFoundError", "error_message": "config.json not found", "solution": "Create config.json in project root", "session": "session_1", "timestamp": "2025-11-11T18:07:29.555660"}
{"test_name": "test_reflexion_marker_integration", "error_type": "IntegrationTestError", "error_message": "Testing reflexion integration", "timestamp": "2025-11-11T18:07:29.557344"}
{"test_name": "test_reflexion_with_real_exception", "error_type": "ZeroDivisionError", "error_message": "division by zero", "traceback": "simulated traceback", "solution": "Check denominator is not zero before division", "timestamp": "2025-11-11T18:07:29.558510"}
{"test_name": "test_feature", "error_type": "AssertionError", "error_message": "Expected 5, got 3", "traceback": "File test.py, line 10...", "timestamp": "2025-11-11T18:08:46.653324"}
{"test_name": "test_database_connection", "error_type": "ConnectionError", "error_message": "Could not connect to database", "solution": "Ensure database is running and credentials are correct", "timestamp": "2025-11-11T18:08:46.654315"}
{"error_type": "ImportError", "error_message": "No module named 'pytest'", "solution": "Install pytest: pip install pytest", "timestamp": "2025-11-11T18:08:46.655438"}
{"error_type": "TypeError", "error_message": "expected str, got int", "solution": "Convert int to str using str()", "timestamp": "2025-11-11T18:08:46.657037"}
{"error_type": "TypeError", "error_message": "expected int, got str", "solution": "Convert str to int using int()", "timestamp": "2025-11-11T18:08:46.674014"}
{"error_type": "FileNotFoundError", "error_message": "config.json not found", "solution": "Create config.json in project root", "session": "session_1", "timestamp": "2025-11-11T18:08:46.692286"}
{"test_name": "test_reflexion_marker_integration", "error_type": "IntegrationTestError", "error_message": "Testing reflexion integration", "timestamp": "2025-11-11T18:08:46.694160"}
{"test_name": "test_reflexion_with_real_exception", "error_type": "ZeroDivisionError", "error_message": "division by zero", "traceback": "simulated traceback", "solution": "Check denominator is not zero before division", "timestamp": "2025-11-11T18:08:46.697041"}
{"test_name": "test_feature", "error_type": "AssertionError", "error_message": "Expected 5, got 3", "traceback": "File test.py, line 10...", "timestamp": "2025-11-11T18:14:31.164433"}
{"test_name": "test_database_connection", "error_type": "ConnectionError", "error_message": "Could not connect to database", "solution": "Ensure database is running and credentials are correct", "timestamp": "2025-11-11T18:14:31.165513"}
{"error_type": "ImportError", "error_message": "No module named 'pytest'", "solution": "Install pytest: pip install pytest", "timestamp": "2025-11-11T18:14:31.166705"}
{"error_type": "TypeError", "error_message": "expected str, got int", "solution": "Convert int to str using str()", "timestamp": "2025-11-11T18:14:31.168467"}
{"error_type": "TypeError", "error_message": "expected int, got str", "solution": "Convert str to int using int()", "timestamp": "2025-11-11T18:14:31.168682"}
{"error_type": "FileNotFoundError", "error_message": "config.json not found", "solution": "Create config.json in project root", "session": "session_1", "timestamp": "2025-11-11T18:14:31.173189"}
{"test_name": "test_reflexion_marker_integration", "error_type": "IntegrationTestError", "error_message": "Testing reflexion integration", "timestamp": "2025-11-11T18:14:31.175044"}
{"test_name": "test_reflexion_with_real_exception", "error_type": "ZeroDivisionError", "error_message": "division by zero", "traceback": "simulated traceback", "solution": "Check denominator is not zero before division", "timestamp": "2025-11-11T18:14:31.176104"}
{"test_name": "test_feature", "error_type": "AssertionError", "error_message": "Expected 5, got 3", "traceback": "File test.py, line 10...", "timestamp": "2025-11-11T18:36:41.373001"}
{"test_name": "test_database_connection", "error_type": "ConnectionError", "error_message": "Could not connect to database", "solution": "Ensure database is running and credentials are correct", "timestamp": "2025-11-11T18:36:41.374057"}
{"error_type": "ImportError", "error_message": "No module named 'pytest'", "solution": "Install pytest: pip install pytest", "timestamp": "2025-11-11T18:36:41.375577"}
{"error_type": "TypeError", "error_message": "expected str, got int", "solution": "Convert int to str using str()", "timestamp": "2025-11-11T18:36:41.377470"}
{"error_type": "TypeError", "error_message": "expected int, got str", "solution": "Convert str to int using int()", "timestamp": "2025-11-11T18:36:41.377698"}
{"error_type": "FileNotFoundError", "error_message": "config.json not found", "solution": "Create config.json in project root", "session": "session_1", "timestamp": "2025-11-11T18:36:41.381639"}
{"test_name": "test_reflexion_marker_integration", "error_type": "IntegrationTestError", "error_message": "Testing reflexion integration", "timestamp": "2025-11-11T18:36:41.383655"}
{"test_name": "test_reflexion_with_real_exception", "error_type": "ZeroDivisionError", "error_message": "division by zero", "traceback": "simulated traceback", "solution": "Check denominator is not zero before division", "timestamp": "2025-11-11T18:36:41.385124"}
{"test_name": "test_feature", "error_type": "AssertionError", "error_message": "Expected 5, got 3", "traceback": "File test.py, line 10...", "timestamp": "2025-11-14T14:27:24.515213"}
{"test_name": "test_database_connection", "error_type": "ConnectionError", "error_message": "Could not connect to database", "solution": "Ensure database is running and credentials are correct", "timestamp": "2025-11-14T14:27:24.516216"}
{"error_type": "ImportError", "error_message": "No module named 'pytest'", "solution": "Install pytest: pip install pytest", "timestamp": "2025-11-14T14:27:24.517303"}
{"error_type": "TypeError", "error_message": "expected str, got int", "solution": "Convert int to str using str()", "timestamp": "2025-11-14T14:27:24.519006"}
{"error_type": "TypeError", "error_message": "expected int, got str", "solution": "Convert str to int using int()", "timestamp": "2025-11-14T14:27:24.519215"}
{"error_type": "FileNotFoundError", "error_message": "config.json not found", "solution": "Create config.json in project root", "session": "session_1", "timestamp": "2025-11-14T14:27:24.523965"}
{"test_name": "test_reflexion_marker_integration", "error_type": "IntegrationTestError", "error_message": "Testing reflexion integration", "timestamp": "2025-11-14T14:27:24.525993"}
{"test_name": "test_reflexion_with_real_exception", "error_type": "ZeroDivisionError", "error_message": "division by zero", "traceback": "simulated traceback", "solution": "Check denominator is not zero before division", "timestamp": "2025-11-14T14:27:24.527061"}
{"test_name": "test_feature", "error_type": "AssertionError", "error_message": "Expected 5, got 3", "traceback": "File test.py, line 10...", "timestamp": "2025-12-25T23:30:32.107979"}
{"test_name": "test_database_connection", "error_type": "ConnectionError", "error_message": "Could not connect to database", "solution": "Ensure database is running and credentials are correct", "timestamp": "2025-12-25T23:30:32.109016"}
{"error_type": "ImportError", "error_message": "No module named 'pytest'", "solution": "Install pytest: pip install pytest", "timestamp": "2025-12-25T23:30:32.110143"}
{"error_type": "TypeError", "error_message": "expected str, got int", "solution": "Convert int to str using str()", "timestamp": "2025-12-25T23:30:32.111884"}
{"error_type": "TypeError", "error_message": "expected int, got str", "solution": "Convert str to int using int()", "timestamp": "2025-12-25T23:30:32.112511"}
{"error_type": "FileNotFoundError", "error_message": "config.json not found", "solution": "Create config.json in project root", "session": "session_1", "timestamp": "2025-12-25T23:30:32.116151"}
{"test_name": "test_reflexion_marker_integration", "error_type": "IntegrationTestError", "error_message": "Testing reflexion integration", "timestamp": "2025-12-25T23:30:32.116936"}
{"test_name": "test_reflexion_with_real_exception", "error_type": "ZeroDivisionError", "error_message": "division by zero", "traceback": "simulated traceback", "solution": "Check denominator is not zero before division", "timestamp": "2025-12-25T23:30:32.117317"}
{"test_name": "test_feature", "error_type": "AssertionError", "error_message": "Expected 5, got 3", "traceback": "File test.py, line 10...", "timestamp": "2025-12-25T23:30:51.672948"}
{"test_name": "test_database_connection", "error_type": "ConnectionError", "error_message": "Could not connect to database", "solution": "Ensure database is running and credentials are correct", "timestamp": "2025-12-25T23:30:51.674472"}
{"error_type": "ImportError", "error_message": "No module named 'pytest'", "solution": "Install pytest: pip install pytest", "timestamp": "2025-12-25T23:30:51.675129"}
{"error_type": "TypeError", "error_message": "expected str, got int", "solution": "Convert int to str using str()", "timestamp": "2025-12-25T23:30:51.675987"}
{"error_type": "TypeError", "error_message": "expected int, got str", "solution": "Convert str to int using int()", "timestamp": "2025-12-25T23:30:51.676124"}
{"error_type": "FileNotFoundError", "error_message": "config.json not found", "solution": "Create config.json in project root", "session": "session_1", "timestamp": "2025-12-25T23:30:51.681208"}
{"test_name": "test_reflexion_marker_integration", "error_type": "IntegrationTestError", "error_message": "Testing reflexion integration", "timestamp": "2025-12-25T23:30:51.681979"}
{"test_name": "test_reflexion_with_real_exception", "error_type": "ZeroDivisionError", "error_message": "division by zero", "traceback": "simulated traceback", "solution": "Check denominator is not zero before division", "timestamp": "2025-12-25T23:30:51.682336"}
{"test_name": "test_feature", "error_type": "AssertionError", "error_message": "Expected 5, got 3", "traceback": "File test.py, line 10...", "timestamp": "2025-12-25T23:34:04.715137"}
{"test_name": "test_database_connection", "error_type": "ConnectionError", "error_message": "Could not connect to database", "solution": "Ensure database is running and credentials are correct", "timestamp": "2025-12-25T23:34:04.716062"}
{"error_type": "ImportError", "error_message": "No module named 'pytest'", "solution": "Install pytest: pip install pytest", "timestamp": "2025-12-25T23:34:04.716869"}
{"error_type": "TypeError", "error_message": "expected str, got int", "solution": "Convert int to str using str()", "timestamp": "2025-12-25T23:34:04.717971"}
{"error_type": "TypeError", "error_message": "expected int, got str", "solution": "Convert str to int using int()", "timestamp": "2025-12-25T23:34:04.718150"}
{"error_type": "FileNotFoundError", "error_message": "config.json not found", "solution": "Create config.json in project root", "session": "session_1", "timestamp": "2025-12-25T23:34:04.720072"}
{"test_name": "test_reflexion_marker_integration", "error_type": "IntegrationTestError", "error_message": "Testing reflexion integration", "timestamp": "2025-12-25T23:34:04.720772"}
{"test_name": "test_reflexion_with_real_exception", "error_type": "ZeroDivisionError", "error_message": "division by zero", "traceback": "simulated traceback", "solution": "Check denominator is not zero before division", "timestamp": "2025-12-25T23:34:04.721096"}
{"test_name": "test_feature", "error_type": "AssertionError", "error_message": "Expected 5, got 3", "traceback": "File test.py, line 10...", "timestamp": "2025-12-25T23:42:44.828073"}
{"test_name": "test_database_connection", "error_type": "ConnectionError", "error_message": "Could not connect to database", "solution": "Ensure database is running and credentials are correct", "timestamp": "2025-12-25T23:42:44.829043"}
{"error_type": "ImportError", "error_message": "No module named 'pytest'", "solution": "Install pytest: pip install pytest", "timestamp": "2025-12-25T23:42:44.830044"}
{"error_type": "TypeError", "error_message": "expected str, got int", "solution": "Convert int to str using str()", "timestamp": "2025-12-25T23:42:44.831317"}
{"error_type": "TypeError", "error_message": "expected int, got str", "solution": "Convert str to int using int()", "timestamp": "2025-12-25T23:42:44.831547"}
{"error_type": "FileNotFoundError", "error_message": "config.json not found", "solution": "Create config.json in project root", "session": "session_1", "timestamp": "2025-12-25T23:42:44.834115"}
{"test_name": "test_reflexion_marker_integration", "error_type": "IntegrationTestError", "error_message": "Testing reflexion integration", "timestamp": "2025-12-25T23:42:44.834935"}
{"test_name": "test_reflexion_with_real_exception", "error_type": "ZeroDivisionError", "error_message": "division by zero", "traceback": "simulated traceback", "solution": "Check denominator is not zero before division", "timestamp": "2025-12-25T23:42:44.835290"}
{"test_name": "test_feature", "error_type": "AssertionError", "error_message": "Expected 5, got 3", "traceback": "File test.py, line 10...", "timestamp": "2026-01-03T20:18:39.113630"}
{"test_name": "test_database_connection", "error_type": "ConnectionError", "error_message": "Could not connect to database", "solution": "Ensure database is running and credentials are correct", "timestamp": "2026-01-03T20:18:39.114637"}
{"error_type": "ImportError", "error_message": "No module named 'pytest'", "solution": "Install pytest: pip install pytest", "timestamp": "2026-01-03T20:18:39.115928"}
{"error_type": "TypeError", "error_message": "expected str, got int", "solution": "Convert int to str using str()", "timestamp": "2026-01-03T20:18:39.118773"}
{"error_type": "TypeError", "error_message": "expected int, got str", "solution": "Convert str to int using int()", "timestamp": "2026-01-03T20:18:39.119226"}
{"error_type": "FileNotFoundError", "error_message": "config.json not found", "solution": "Create config.json in project root", "session": "session_1", "timestamp": "2026-01-03T20:18:39.127739"}
{"test_name": "test_reflexion_marker_integration", "error_type": "IntegrationTestError", "error_message": "Testing reflexion integration", "timestamp": "2026-01-03T20:18:39.130187"}
{"test_name": "test_reflexion_with_real_exception", "error_type": "ZeroDivisionError", "error_message": "division by zero", "traceback": "simulated traceback", "solution": "Check denominator is not zero before division", "timestamp": "2026-01-03T20:18:39.131234"}
{"test_name": "test_feature", "error_type": "AssertionError", "error_message": "Expected 5, got 3", "traceback": "File test.py, line 10...", "timestamp": "2026-01-03T20:29:16.148601"}
{"test_name": "test_database_connection", "error_type": "ConnectionError", "error_message": "Could not connect to database", "solution": "Ensure database is running and credentials are correct", "timestamp": "2026-01-03T20:29:16.149618"}
{"error_type": "ImportError", "error_message": "No module named 'pytest'", "solution": "Install pytest: pip install pytest", "timestamp": "2026-01-03T20:29:16.150941"}
{"error_type": "TypeError", "error_message": "expected str, got int", "solution": "Convert int to str using str()", "timestamp": "2026-01-03T20:29:16.152875"}
{"error_type": "TypeError", "error_message": "expected int, got str", "solution": "Convert str to int using int()", "timestamp": "2026-01-03T20:29:16.153299"}
{"error_type": "FileNotFoundError", "error_message": "config.json not found", "solution": "Create config.json in project root", "session": "session_1", "timestamp": "2026-01-03T20:29:16.160313"}
{"test_name": "test_reflexion_marker_integration", "error_type": "IntegrationTestError", "error_message": "Testing reflexion integration", "timestamp": "2026-01-03T20:29:16.162335"}
{"test_name": "test_reflexion_with_real_exception", "error_type": "ZeroDivisionError", "error_message": "division by zero", "traceback": "simulated traceback", "solution": "Check denominator is not zero before division", "timestamp": "2026-01-03T20:29:16.163231"}
{"test_name": "test_feature", "error_type": "AssertionError", "error_message": "Expected 5, got 3", "traceback": "File test.py, line 10...", "timestamp": "2026-01-03T20:29:24.199860"}
{"test_name": "test_database_connection", "error_type": "ConnectionError", "error_message": "Could not connect to database", "solution": "Ensure database is running and credentials are correct", "timestamp": "2026-01-03T20:29:24.200814"}
{"error_type": "ImportError", "error_message": "No module named 'pytest'", "solution": "Install pytest: pip install pytest", "timestamp": "2026-01-03T20:29:24.202165"}
{"error_type": "TypeError", "error_message": "expected str, got int", "solution": "Convert int to str using str()", "timestamp": "2026-01-03T20:29:24.204046"}
{"error_type": "TypeError", "error_message": "expected int, got str", "solution": "Convert str to int using int()", "timestamp": "2026-01-03T20:29:24.204421"}
{"error_type": "FileNotFoundError", "error_message": "config.json not found", "solution": "Create config.json in project root", "session": "session_1", "timestamp": "2026-01-03T20:29:24.211561"}
{"test_name": "test_reflexion_marker_integration", "error_type": "IntegrationTestError", "error_message": "Testing reflexion integration", "timestamp": "2026-01-03T20:29:24.213771"}
{"test_name": "test_reflexion_with_real_exception", "error_type": "ZeroDivisionError", "error_message": "division by zero", "traceback": "simulated traceback", "solution": "Check denominator is not zero before division", "timestamp": "2026-01-03T20:29:24.214709"}
{"test_name": "test_feature", "error_type": "AssertionError", "error_message": "Expected 5, got 3", "traceback": "File test.py, line 10...", "timestamp": "2026-01-05T02:23:28.458528"}
{"test_name": "test_database_connection", "error_type": "ConnectionError", "error_message": "Could not connect to database", "solution": "Ensure database is running and credentials are correct", "timestamp": "2026-01-05T02:23:28.461612"}
{"error_type": "ImportError", "error_message": "No module named 'pytest'", "solution": "Install pytest: pip install pytest", "timestamp": "2026-01-05T02:23:28.465194"}
{"error_type": "TypeError", "error_message": "expected str, got int", "solution": "Convert int to str using str()", "timestamp": "2026-01-05T02:23:28.470003"}
{"error_type": "TypeError", "error_message": "expected int, got str", "solution": "Convert str to int using int()", "timestamp": "2026-01-05T02:23:28.470802"}
{"error_type": "FileNotFoundError", "error_message": "config.json not found", "solution": "Create config.json in project root", "session": "session_1", "timestamp": "2026-01-05T02:23:28.482713"}
{"test_name": "test_reflexion_marker_integration", "error_type": "IntegrationTestError", "error_message": "Testing reflexion integration", "timestamp": "2026-01-05T02:23:28.486580"}
{"test_name": "test_reflexion_with_real_exception", "error_type": "ZeroDivisionError", "error_message": "division by zero", "traceback": "simulated traceback", "solution": "Check denominator is not zero before division", "timestamp": "2026-01-05T02:23:28.488511"}
{"test_name": "test_feature", "error_type": "AssertionError", "error_message": "Expected 5, got 3", "traceback": "File test.py, line 10...", "timestamp": "2026-01-05T02:28:07.510322"}
{"test_name": "test_database_connection", "error_type": "ConnectionError", "error_message": "Could not connect to database", "solution": "Ensure database is running and credentials are correct", "timestamp": "2026-01-05T02:28:07.512648"}
{"error_type": "ImportError", "error_message": "No module named 'pytest'", "solution": "Install pytest: pip install pytest", "timestamp": "2026-01-05T02:28:07.515187"}
{"error_type": "TypeError", "error_message": "expected str, got int", "solution": "Convert int to str using str()", "timestamp": "2026-01-05T02:28:07.519196"}
{"error_type": "TypeError", "error_message": "expected int, got str", "solution": "Convert str to int using int()", "timestamp": "2026-01-05T02:28:07.520126"}
{"error_type": "FileNotFoundError", "error_message": "config.json not found", "solution": "Create config.json in project root", "session": "session_1", "timestamp": "2026-01-05T02:28:07.535885"}
{"test_name": "test_reflexion_marker_integration", "error_type": "IntegrationTestError", "error_message": "Testing reflexion integration", "timestamp": "2026-01-05T02:28:07.542809"}
{"test_name": "test_reflexion_with_real_exception", "error_type": "ZeroDivisionError", "error_message": "division by zero", "traceback": "simulated traceback", "solution": "Check denominator is not zero before division", "timestamp": "2026-01-05T02:28:07.546087"}
{"test_name": "test_feature", "error_type": "AssertionError", "error_message": "Expected 5, got 3", "traceback": "File test.py, line 10...", "timestamp": "2026-01-05T02:48:06.128384"}
{"test_name": "test_database_connection", "error_type": "ConnectionError", "error_message": "Could not connect to database", "solution": "Ensure database is running and credentials are correct", "timestamp": "2026-01-05T02:48:06.130747"}
{"error_type": "ImportError", "error_message": "No module named 'pytest'", "solution": "Install pytest: pip install pytest", "timestamp": "2026-01-05T02:48:06.133380"}
{"error_type": "TypeError", "error_message": "expected str, got int", "solution": "Convert int to str using str()", "timestamp": "2026-01-05T02:48:06.137278"}
{"error_type": "TypeError", "error_message": "expected int, got str", "solution": "Convert str to int using int()", "timestamp": "2026-01-05T02:48:06.138036"}
{"error_type": "FileNotFoundError", "error_message": "config.json not found", "solution": "Create config.json in project root", "session": "session_1", "timestamp": "2026-01-05T02:48:06.151511"}
{"test_name": "test_reflexion_marker_integration", "error_type": "IntegrationTestError", "error_message": "Testing reflexion integration", "timestamp": "2026-01-05T02:48:06.155357"}
{"test_name": "test_reflexion_with_real_exception", "error_type": "ZeroDivisionError", "error_message": "division by zero", "traceback": "simulated traceback", "solution": "Check denominator is not zero before division", "timestamp": "2026-01-05T02:48:06.157155"}
{"test_name": "test_feature", "error_type": "AssertionError", "error_message": "Expected 5, got 3", "traceback": "File test.py, line 10...", "timestamp": "2026-01-05T02:58:53.082169"}
{"test_name": "test_database_connection", "error_type": "ConnectionError", "error_message": "Could not connect to database", "solution": "Ensure database is running and credentials are correct", "timestamp": "2026-01-05T02:58:53.084103"}
{"error_type": "ImportError", "error_message": "No module named 'pytest'", "solution": "Install pytest: pip install pytest", "timestamp": "2026-01-05T02:58:53.086355"}
{"error_type": "TypeError", "error_message": "expected str, got int", "solution": "Convert int to str using str()", "timestamp": "2026-01-05T02:58:53.091302"}
{"error_type": "TypeError", "error_message": "expected int, got str", "solution": "Convert str to int using int()", "timestamp": "2026-01-05T02:58:53.092151"}
{"error_type": "FileNotFoundError", "error_message": "config.json not found", "solution": "Create config.json in project root", "session": "session_1", "timestamp": "2026-01-05T02:58:53.143739"}
{"test_name": "test_reflexion_marker_integration", "error_type": "IntegrationTestError", "error_message": "Testing reflexion integration", "timestamp": "2026-01-05T02:58:53.147763"}
{"test_name": "test_reflexion_with_real_exception", "error_type": "ZeroDivisionError", "error_message": "division by zero", "traceback": "simulated traceback", "solution": "Check denominator is not zero before division", "timestamp": "2026-01-05T02:58:53.149872"}
{"test_name": "test_feature", "error_type": "AssertionError", "error_message": "Expected 5, got 3", "traceback": "File test.py, line 10...", "timestamp": "2026-01-05T03:19:43.993748"}
{"test_name": "test_database_connection", "error_type": "ConnectionError", "error_message": "Could not connect to database", "solution": "Ensure database is running and credentials are correct", "timestamp": "2026-01-05T03:19:43.997814"}
{"error_type": "ImportError", "error_message": "No module named 'pytest'", "solution": "Install pytest: pip install pytest", "timestamp": "2026-01-05T03:19:44.000885"}
{"error_type": "TypeError", "error_message": "expected str, got int", "solution": "Convert int to str using str()", "timestamp": "2026-01-05T03:19:44.005056"}
{"error_type": "TypeError", "error_message": "expected int, got str", "solution": "Convert str to int using int()", "timestamp": "2026-01-05T03:19:44.006211"}
{"error_type": "FileNotFoundError", "error_message": "config.json not found", "solution": "Create config.json in project root", "session": "session_1", "timestamp": "2026-01-05T03:19:44.027089"}
{"test_name": "test_reflexion_marker_integration", "error_type": "IntegrationTestError", "error_message": "Testing reflexion integration", "timestamp": "2026-01-05T03:19:44.031946"}
{"test_name": "test_reflexion_with_real_exception", "error_type": "ZeroDivisionError", "error_message": "division by zero", "traceback": "simulated traceback", "solution": "Check denominator is not zero before division", "timestamp": "2026-01-05T03:19:44.033978"}
{"test_name": "test_feature", "error_type": "AssertionError", "error_message": "Expected 5, got 3", "traceback": "File test.py, line 10...", "timestamp": "2026-01-05T15:48:32.322091"}
{"test_name": "test_database_connection", "error_type": "ConnectionError", "error_message": "Could not connect to database", "solution": "Ensure database is running and credentials are correct", "timestamp": "2026-01-05T15:48:32.323415"}
{"error_type": "ImportError", "error_message": "No module named 'pytest'", "solution": "Install pytest: pip install pytest", "timestamp": "2026-01-05T15:48:32.324083"}
{"error_type": "TypeError", "error_message": "expected str, got int", "solution": "Convert int to str using str()", "timestamp": "2026-01-05T15:48:32.325109"}
{"error_type": "TypeError", "error_message": "expected int, got str", "solution": "Convert str to int using int()", "timestamp": "2026-01-05T15:48:32.325245"}
{"error_type": "FileNotFoundError", "error_message": "config.json not found", "solution": "Create config.json in project root", "session": "session_1", "timestamp": "2026-01-05T15:48:32.327476"}
{"test_name": "test_reflexion_marker_integration", "error_type": "IntegrationTestError", "error_message": "Testing reflexion integration", "timestamp": "2026-01-05T15:48:32.328385"}
{"test_name": "test_reflexion_with_real_exception", "error_type": "ZeroDivisionError", "error_message": "division by zero", "traceback": "simulated traceback", "solution": "Check denominator is not zero before division", "timestamp": "2026-01-05T15:48:32.328756"}
{"test_name": "test_feature", "error_type": "AssertionError", "error_message": "Expected 5, got 3", "traceback": "File test.py, line 10...", "timestamp": "2026-01-07T14:45:28.279146"}
{"test_name": "test_database_connection", "error_type": "ConnectionError", "error_message": "Could not connect to database", "solution": "Ensure database is running and credentials are correct", "timestamp": "2026-01-07T14:45:28.280138"}
{"error_type": "ImportError", "error_message": "No module named 'pytest'", "solution": "Install pytest: pip install pytest", "timestamp": "2026-01-07T14:45:28.280812"}
{"error_type": "TypeError", "error_message": "expected str, got int", "solution": "Convert int to str using str()", "timestamp": "2026-01-07T14:45:28.282083"}
{"error_type": "TypeError", "error_message": "expected int, got str", "solution": "Convert str to int using int()", "timestamp": "2026-01-07T14:45:28.282261"}
{"error_type": "FileNotFoundError", "error_message": "config.json not found", "solution": "Create config.json in project root", "session": "session_1", "timestamp": "2026-01-07T14:45:28.284651"}
{"test_name": "test_reflexion_marker_integration", "error_type": "IntegrationTestError", "error_message": "Testing reflexion integration", "timestamp": "2026-01-07T14:45:28.285622"}
{"test_name": "test_reflexion_with_real_exception", "error_type": "ZeroDivisionError", "error_message": "division by zero", "traceback": "simulated traceback", "solution": "Check denominator is not zero before division", "timestamp": "2026-01-07T14:45:28.286009"}
{"test_name": "test_feature", "error_type": "AssertionError", "error_message": "Expected 5, got 3", "traceback": "File test.py, line 10...", "timestamp": "2026-01-08T15:24:05.629817"}
{"test_name": "test_database_connection", "error_type": "ConnectionError", "error_message": "Could not connect to database", "solution": "Ensure database is running and credentials are correct", "timestamp": "2026-01-08T15:24:05.630685"}
{"error_type": "ImportError", "error_message": "No module named 'pytest'", "solution": "Install pytest: pip install pytest", "timestamp": "2026-01-08T15:24:05.631881"}
{"error_type": "TypeError", "error_message": "expected str, got int", "solution": "Convert int to str using str()", "timestamp": "2026-01-08T15:24:05.633118"}
{"error_type": "TypeError", "error_message": "expected int, got str", "solution": "Convert str to int using int()", "timestamp": "2026-01-08T15:24:05.633293"}
{"error_type": "FileNotFoundError", "error_message": "config.json not found", "solution": "Create config.json in project root", "session": "session_1", "timestamp": "2026-01-08T15:24:05.635955"}
{"test_name": "test_reflexion_marker_integration", "error_type": "IntegrationTestError", "error_message": "Testing reflexion integration", "timestamp": "2026-01-08T15:24:05.636915"}
{"test_name": "test_reflexion_with_real_exception", "error_type": "ZeroDivisionError", "error_message": "division by zero", "traceback": "simulated traceback", "solution": "Check denominator is not zero before division", "timestamp": "2026-01-08T15:24:05.637267"}
{"test_name": "test_feature", "error_type": "AssertionError", "error_message": "Expected 5, got 3", "traceback": "File test.py, line 10...", "timestamp": "2026-01-08T15:28:08.561911"}
{"test_name": "test_database_connection", "error_type": "ConnectionError", "error_message": "Could not connect to database", "solution": "Ensure database is running and credentials are correct", "timestamp": "2026-01-08T15:28:08.562555"}
{"error_type": "ImportError", "error_message": "No module named 'pytest'", "solution": "Install pytest: pip install pytest", "timestamp": "2026-01-08T15:28:08.563067"}
{"error_type": "TypeError", "error_message": "expected str, got int", "solution": "Convert int to str using str()", "timestamp": "2026-01-08T15:28:08.564576"}
{"error_type": "TypeError", "error_message": "expected int, got str", "solution": "Convert str to int using int()", "timestamp": "2026-01-08T15:28:08.564744"}
{"error_type": "FileNotFoundError", "error_message": "config.json not found", "solution": "Create config.json in project root", "session": "session_1", "timestamp": "2026-01-08T15:28:08.567294"}
{"test_name": "test_reflexion_marker_integration", "error_type": "IntegrationTestError", "error_message": "Testing reflexion integration", "timestamp": "2026-01-08T15:28:08.568331"}
{"test_name": "test_reflexion_with_real_exception", "error_type": "ZeroDivisionError", "error_message": "division by zero", "traceback": "simulated traceback", "solution": "Check denominator is not zero before division", "timestamp": "2026-01-08T15:28:08.568683"}
{"test_name": "test_feature", "error_type": "AssertionError", "error_message": "Expected 5, got 3", "traceback": "File test.py, line 10...", "timestamp": "2026-01-08T15:32:55.841256"}
{"test_name": "test_database_connection", "error_type": "ConnectionError", "error_message": "Could not connect to database", "solution": "Ensure database is running and credentials are correct", "timestamp": "2026-01-08T15:32:55.842002"}
{"error_type": "ImportError", "error_message": "No module named 'pytest'", "solution": "Install pytest: pip install pytest", "timestamp": "2026-01-08T15:32:55.842571"}
{"error_type": "TypeError", "error_message": "expected str, got int", "solution": "Convert int to str using str()", "timestamp": "2026-01-08T15:32:55.843988"}
{"error_type": "TypeError", "error_message": "expected int, got str", "solution": "Convert str to int using int()", "timestamp": "2026-01-08T15:32:55.844114"}
{"error_type": "FileNotFoundError", "error_message": "config.json not found", "solution": "Create config.json in project root", "session": "session_1", "timestamp": "2026-01-08T15:32:55.846759"}
{"test_name": "test_reflexion_marker_integration", "error_type": "IntegrationTestError", "error_message": "Testing reflexion integration", "timestamp": "2026-01-08T15:32:55.848036"}
{"test_name": "test_reflexion_with_real_exception", "error_type": "ZeroDivisionError", "error_message": "division by zero", "traceback": "simulated traceback", "solution": "Check denominator is not zero before division", "timestamp": "2026-01-08T15:32:55.848460"}
{"test_name": "test_feature", "error_type": "AssertionError", "error_message": "Expected 5, got 3", "traceback": "File test.py, line 10...", "timestamp": "2026-01-08T15:33:34.152148"}
{"test_name": "test_database_connection", "error_type": "ConnectionError", "error_message": "Could not connect to database", "solution": "Ensure database is running and credentials are correct", "timestamp": "2026-01-08T15:33:34.152996"}
{"error_type": "ImportError", "error_message": "No module named 'pytest'", "solution": "Install pytest: pip install pytest", "timestamp": "2026-01-08T15:33:34.153600"}
{"error_type": "TypeError", "error_message": "expected str, got int", "solution": "Convert int to str using str()", "timestamp": "2026-01-08T15:33:34.155123"}
{"error_type": "TypeError", "error_message": "expected int, got str", "solution": "Convert str to int using int()", "timestamp": "2026-01-08T15:33:34.155275"}
{"error_type": "FileNotFoundError", "error_message": "config.json not found", "solution": "Create config.json in project root", "session": "session_1", "timestamp": "2026-01-08T15:33:34.157575"}
{"test_name": "test_reflexion_marker_integration", "error_type": "IntegrationTestError", "error_message": "Testing reflexion integration", "timestamp": "2026-01-08T15:33:34.158644"}
{"test_name": "test_reflexion_with_real_exception", "error_type": "ZeroDivisionError", "error_message": "division by zero", "traceback": "simulated traceback", "solution": "Check denominator is not zero before division", "timestamp": "2026-01-08T15:33:34.159004"}
{"test_name": "test_feature", "error_type": "AssertionError", "error_message": "Expected 5, got 3", "traceback": "File test.py, line 10...", "timestamp": "2026-01-08T17:12:24.705570"}
{"test_name": "test_database_connection", "error_type": "ConnectionError", "error_message": "Could not connect to database", "solution": "Ensure database is running and credentials are correct", "timestamp": "2026-01-08T17:12:24.706650"}
{"error_type": "ImportError", "error_message": "No module named 'pytest'", "solution": "Install pytest: pip install pytest", "timestamp": "2026-01-08T17:12:24.707553"}
{"error_type": "TypeError", "error_message": "expected str, got int", "solution": "Convert int to str using str()", "timestamp": "2026-01-08T17:12:24.709037"}
{"error_type": "TypeError", "error_message": "expected int, got str", "solution": "Convert str to int using int()", "timestamp": "2026-01-08T17:12:24.709186"}
{"error_type": "FileNotFoundError", "error_message": "config.json not found", "solution": "Create config.json in project root", "session": "session_1", "timestamp": "2026-01-08T17:12:24.711886"}
{"test_name": "test_reflexion_marker_integration", "error_type": "IntegrationTestError", "error_message": "Testing reflexion integration", "timestamp": "2026-01-08T17:12:24.712955"}
{"test_name": "test_reflexion_with_real_exception", "error_type": "ZeroDivisionError", "error_message": "division by zero", "traceback": "simulated traceback", "solution": "Check denominator is not zero before division", "timestamp": "2026-01-08T17:12:24.713300"}
{"test_name": "test_feature", "error_type": "AssertionError", "error_message": "Expected 5, got 3", "traceback": "File test.py, line 10...", "timestamp": "2026-01-08T17:13:07.941977"}
{"test_name": "test_database_connection", "error_type": "ConnectionError", "error_message": "Could not connect to database", "solution": "Ensure database is running and credentials are correct", "timestamp": "2026-01-08T17:13:07.942886"}
{"error_type": "ImportError", "error_message": "No module named 'pytest'", "solution": "Install pytest: pip install pytest", "timestamp": "2026-01-08T17:13:07.943501"}
{"error_type": "TypeError", "error_message": "expected str, got int", "solution": "Convert int to str using str()", "timestamp": "2026-01-08T17:13:07.945173"}
{"error_type": "TypeError", "error_message": "expected int, got str", "solution": "Convert str to int using int()", "timestamp": "2026-01-08T17:13:07.945400"}
{"error_type": "FileNotFoundError", "error_message": "config.json not found", "solution": "Create config.json in project root", "session": "session_1", "timestamp": "2026-01-08T17:13:07.947931"}
{"test_name": "test_reflexion_marker_integration", "error_type": "IntegrationTestError", "error_message": "Testing reflexion integration", "timestamp": "2026-01-08T17:13:07.948980"}
{"test_name": "test_reflexion_with_real_exception", "error_type": "ZeroDivisionError", "error_message": "division by zero", "traceback": "simulated traceback", "solution": "Check denominator is not zero before division", "timestamp": "2026-01-08T17:13:07.949327"}
{"test_name": "test_feature", "error_type": "AssertionError", "error_message": "Expected 5, got 3", "traceback": "File test.py, line 10...", "timestamp": "2026-01-08T17:36:34.340183"}
{"test_name": "test_database_connection", "error_type": "ConnectionError", "error_message": "Could not connect to database", "solution": "Ensure database is running and credentials are correct", "timestamp": "2026-01-08T17:36:34.340976"}
{"error_type": "ImportError", "error_message": "No module named 'pytest'", "solution": "Install pytest: pip install pytest", "timestamp": "2026-01-08T17:36:34.341536"}
{"error_type": "TypeError", "error_message": "expected str, got int", "solution": "Convert int to str using str()", "timestamp": "2026-01-08T17:36:34.343292"}
{"error_type": "TypeError", "error_message": "expected int, got str", "solution": "Convert str to int using int()", "timestamp": "2026-01-08T17:36:34.343501"}
{"error_type": "FileNotFoundError", "error_message": "config.json not found", "solution": "Create config.json in project root", "session": "session_1", "timestamp": "2026-01-08T17:36:34.346027"}
{"test_name": "test_reflexion_marker_integration", "error_type": "IntegrationTestError", "error_message": "Testing reflexion integration", "timestamp": "2026-01-08T17:36:34.347094"}
{"test_name": "test_reflexion_with_real_exception", "error_type": "ZeroDivisionError", "error_message": "division by zero", "traceback": "simulated traceback", "solution": "Check denominator is not zero before division", "timestamp": "2026-01-08T17:36:34.347437"}
{"test_name": "test_feature", "error_type": "AssertionError", "error_message": "Expected 5, got 3", "traceback": "File test.py, line 10...", "timestamp": "2026-01-08T17:48:06.181550"}
{"test_name": "test_database_connection", "error_type": "ConnectionError", "error_message": "Could not connect to database", "solution": "Ensure database is running and credentials are correct", "timestamp": "2026-01-08T17:48:06.182535"}
{"error_type": "ImportError", "error_message": "No module named 'pytest'", "solution": "Install pytest: pip install pytest", "timestamp": "2026-01-08T17:48:06.183068"}
{"error_type": "TypeError", "error_message": "expected str, got int", "solution": "Convert int to str using str()", "timestamp": "2026-01-08T17:48:06.184752"}
{"error_type": "TypeError", "error_message": "expected int, got str", "solution": "Convert str to int using int()", "timestamp": "2026-01-08T17:48:06.184907"}
{"error_type": "FileNotFoundError", "error_message": "config.json not found", "solution": "Create config.json in project root", "session": "session_1", "timestamp": "2026-01-08T17:48:06.187483"}
{"test_name": "test_reflexion_marker_integration", "error_type": "IntegrationTestError", "error_message": "Testing reflexion integration", "timestamp": "2026-01-08T17:48:06.188572"}
{"test_name": "test_reflexion_with_real_exception", "error_type": "ZeroDivisionError", "error_message": "division by zero", "traceback": "simulated traceback", "solution": "Check denominator is not zero before division", "timestamp": "2026-01-08T17:48:06.188930"}
{"test_name": "test_feature", "error_type": "AssertionError", "error_message": "Expected 5, got 3", "traceback": "File test.py, line 10...", "timestamp": "2026-01-08T17:57:14.974396"}
{"test_name": "test_database_connection", "error_type": "ConnectionError", "error_message": "Could not connect to database", "solution": "Ensure database is running and credentials are correct", "timestamp": "2026-01-08T17:57:14.975357"}
{"error_type": "ImportError", "error_message": "No module named 'pytest'", "solution": "Install pytest: pip install pytest", "timestamp": "2026-01-08T17:57:14.976386"}
{"error_type": "TypeError", "error_message": "expected str, got int", "solution": "Convert int to str using str()", "timestamp": "2026-01-08T17:57:14.978062"}
{"error_type": "TypeError", "error_message": "expected int, got str", "solution": "Convert str to int using int()", "timestamp": "2026-01-08T17:57:14.978228"}
{"error_type": "FileNotFoundError", "error_message": "config.json not found", "solution": "Create config.json in project root", "session": "session_1", "timestamp": "2026-01-08T17:57:14.980882"}
{"test_name": "test_reflexion_marker_integration", "error_type": "IntegrationTestError", "error_message": "Testing reflexion integration", "timestamp": "2026-01-08T17:57:14.982038"}
{"test_name": "test_reflexion_with_real_exception", "error_type": "ZeroDivisionError", "error_message": "division by zero", "traceback": "simulated traceback", "solution": "Check denominator is not zero before division", "timestamp": "2026-01-08T17:57:14.982439"}
{"test_name": "test_feature", "error_type": "AssertionError", "error_message": "Expected 5, got 3", "traceback": "File test.py, line 10...", "timestamp": "2026-01-08T18:38:03.295385"}
{"test_name": "test_database_connection", "error_type": "ConnectionError", "error_message": "Could not connect to database", "solution": "Ensure database is running and credentials are correct", "timestamp": "2026-01-08T18:38:03.296246"}
{"error_type": "ImportError", "error_message": "No module named 'pytest'", "solution": "Install pytest: pip install pytest", "timestamp": "2026-01-08T18:38:03.297042"}
{"error_type": "TypeError", "error_message": "expected str, got int", "solution": "Convert int to str using str()", "timestamp": "2026-01-08T18:38:03.298910"}
{"error_type": "TypeError", "error_message": "expected int, got str", "solution": "Convert str to int using int()", "timestamp": "2026-01-08T18:38:03.299065"}
{"error_type": "FileNotFoundError", "error_message": "config.json not found", "solution": "Create config.json in project root", "session": "session_1", "timestamp": "2026-01-08T18:38:03.301671"}
{"test_name": "test_reflexion_marker_integration", "error_type": "IntegrationTestError", "error_message": "Testing reflexion integration", "timestamp": "2026-01-08T18:38:03.302779"}
{"test_name": "test_reflexion_with_real_exception", "error_type": "ZeroDivisionError", "error_message": "division by zero", "traceback": "simulated traceback", "solution": "Check denominator is not zero before division", "timestamp": "2026-01-08T18:38:03.303123"}
{"test_name": "test_feature", "error_type": "AssertionError", "error_message": "Expected 5, got 3", "traceback": "File test.py, line 10...", "timestamp": "2026-01-08T18:40:39.154618"}
{"test_name": "test_database_connection", "error_type": "ConnectionError", "error_message": "Could not connect to database", "solution": "Ensure database is running and credentials are correct", "timestamp": "2026-01-08T18:40:39.155405"}
{"error_type": "ImportError", "error_message": "No module named 'pytest'", "solution": "Install pytest: pip install pytest", "timestamp": "2026-01-08T18:40:39.155923"}
{"error_type": "TypeError", "error_message": "expected str, got int", "solution": "Convert int to str using str()", "timestamp": "2026-01-08T18:40:39.157716"}
{"error_type": "TypeError", "error_message": "expected int, got str", "solution": "Convert str to int using int()", "timestamp": "2026-01-08T18:40:39.157855"}
{"error_type": "FileNotFoundError", "error_message": "config.json not found", "solution": "Create config.json in project root", "session": "session_1", "timestamp": "2026-01-08T18:40:39.160305"}
{"test_name": "test_reflexion_marker_integration", "error_type": "IntegrationTestError", "error_message": "Testing reflexion integration", "timestamp": "2026-01-08T18:40:39.161452"}
{"test_name": "test_reflexion_with_real_exception", "error_type": "ZeroDivisionError", "error_message": "division by zero", "traceback": "simulated traceback", "solution": "Check denominator is not zero before division", "timestamp": "2026-01-08T18:40:39.161829"}
{"test_name": "test_feature", "error_type": "AssertionError", "error_message": "Expected 5, got 3", "traceback": "File test.py, line 10...", "timestamp": "2026-01-08T18:42:22.006103"}
{"test_name": "test_database_connection", "error_type": "ConnectionError", "error_message": "Could not connect to database", "solution": "Ensure database is running and credentials are correct", "timestamp": "2026-01-08T18:42:22.007079"}
{"error_type": "ImportError", "error_message": "No module named 'pytest'", "solution": "Install pytest: pip install pytest", "timestamp": "2026-01-08T18:42:22.007655"}
{"error_type": "TypeError", "error_message": "expected str, got int", "solution": "Convert int to str using str()", "timestamp": "2026-01-08T18:42:22.009540"}
{"error_type": "TypeError", "error_message": "expected int, got str", "solution": "Convert str to int using int()", "timestamp": "2026-01-08T18:42:22.009685"}
{"error_type": "FileNotFoundError", "error_message": "config.json not found", "solution": "Create config.json in project root", "session": "session_1", "timestamp": "2026-01-08T18:42:22.012184"}
{"test_name": "test_reflexion_marker_integration", "error_type": "IntegrationTestError", "error_message": "Testing reflexion integration", "timestamp": "2026-01-08T18:42:22.013386"}
{"test_name": "test_reflexion_with_real_exception", "error_type": "ZeroDivisionError", "error_message": "division by zero", "traceback": "simulated traceback", "solution": "Check denominator is not zero before division", "timestamp": "2026-01-08T18:42:22.013728"}
{"test_name": "test_feature", "error_type": "AssertionError", "error_message": "Expected 5, got 3", "traceback": "File test.py, line 10...", "timestamp": "2026-01-17T23:02:48.039169"}
{"test_name": "test_database_connection", "error_type": "ConnectionError", "error_message": "Could not connect to database", "solution": "Ensure database is running and credentials are correct", "timestamp": "2026-01-17T23:02:48.041022"}
{"error_type": "ImportError", "error_message": "No module named 'pytest'", "solution": "Install pytest: pip install pytest", "timestamp": "2026-01-17T23:02:48.042980"}
{"error_type": "TypeError", "error_message": "expected str, got int", "solution": "Convert int to str using str()", "timestamp": "2026-01-17T23:02:48.046584"}
{"error_type": "TypeError", "error_message": "expected int, got str", "solution": "Convert str to int using int()", "timestamp": "2026-01-17T23:02:48.047166"}
{"error_type": "FileNotFoundError", "error_message": "config.json not found", "solution": "Create config.json in project root", "session": "session_1", "timestamp": "2026-01-17T23:02:48.056524"}
{"test_name": "test_reflexion_marker_integration", "error_type": "IntegrationTestError", "error_message": "Testing reflexion integration", "timestamp": "2026-01-17T23:02:48.060053"}
{"test_name": "test_reflexion_with_real_exception", "error_type": "ZeroDivisionError", "error_message": "division by zero", "traceback": "simulated traceback", "solution": "Check denominator is not zero before division", "timestamp": "2026-01-17T23:02:48.061323"}
{"test_name": "test_feature", "error_type": "AssertionError", "error_message": "Expected 5, got 3", "traceback": "File test.py, line 10...", "timestamp": "2026-01-17T23:03:47.859102"}
{"test_name": "test_database_connection", "error_type": "ConnectionError", "error_message": "Could not connect to database", "solution": "Ensure database is running and credentials are correct", "timestamp": "2026-01-17T23:03:47.860321"}
{"error_type": "ImportError", "error_message": "No module named 'pytest'", "solution": "Install pytest: pip install pytest", "timestamp": "2026-01-17T23:03:47.861775"}
{"error_type": "TypeError", "error_message": "expected str, got int", "solution": "Convert int to str using str()", "timestamp": "2026-01-17T23:03:47.865025"}
{"error_type": "TypeError", "error_message": "expected int, got str", "solution": "Convert str to int using int()", "timestamp": "2026-01-17T23:03:47.865712"}
{"error_type": "FileNotFoundError", "error_message": "config.json not found", "solution": "Create config.json in project root", "session": "session_1", "timestamp": "2026-01-17T23:03:47.877244"}
{"test_name": "test_reflexion_marker_integration", "error_type": "IntegrationTestError", "error_message": "Testing reflexion integration", "timestamp": "2026-01-17T23:03:47.880577"}
{"test_name": "test_reflexion_with_real_exception", "error_type": "ZeroDivisionError", "error_message": "division by zero", "traceback": "simulated traceback", "solution": "Check denominator is not zero before division", "timestamp": "2026-01-17T23:03:47.881773"}
{"test_name": "test_feature", "error_type": "AssertionError", "error_message": "Expected 5, got 3", "traceback": "File test.py, line 10...", "timestamp": "2026-01-17T23:06:15.553111"}
{"test_name": "test_database_connection", "error_type": "ConnectionError", "error_message": "Could not connect to database", "solution": "Ensure database is running and credentials are correct", "timestamp": "2026-01-17T23:06:15.554271"}
{"error_type": "ImportError", "error_message": "No module named 'pytest'", "solution": "Install pytest: pip install pytest", "timestamp": "2026-01-17T23:06:15.555467"}
{"error_type": "TypeError", "error_message": "expected str, got int", "solution": "Convert int to str using str()", "timestamp": "2026-01-17T23:06:15.557778"}
{"error_type": "TypeError", "error_message": "expected int, got str", "solution": "Convert str to int using int()", "timestamp": "2026-01-17T23:06:15.558196"}
{"error_type": "FileNotFoundError", "error_message": "config.json not found", "solution": "Create config.json in project root", "session": "session_1", "timestamp": "2026-01-17T23:06:15.567139"}
{"test_name": "test_reflexion_marker_integration", "error_type": "IntegrationTestError", "error_message": "Testing reflexion integration", "timestamp": "2026-01-17T23:06:15.569865"}
{"test_name": "test_reflexion_with_real_exception", "error_type": "ZeroDivisionError", "error_message": "division by zero", "traceback": "simulated traceback", "solution": "Check denominator is not zero before division", "timestamp": "2026-01-17T23:06:15.570774"}
{"test_name": "test_feature", "error_type": "AssertionError", "error_message": "Expected 5, got 3", "traceback": "File test.py, line 10...", "timestamp": "2026-01-17T23:08:47.292287"}
{"test_name": "test_database_connection", "error_type": "ConnectionError", "error_message": "Could not connect to database", "solution": "Ensure database is running and credentials are correct", "timestamp": "2026-01-17T23:08:47.293615"}
{"error_type": "ImportError", "error_message": "No module named 'pytest'", "solution": "Install pytest: pip install pytest", "timestamp": "2026-01-17T23:08:47.295144"}
{"error_type": "TypeError", "error_message": "expected str, got int", "solution": "Convert int to str using str()", "timestamp": "2026-01-17T23:08:47.297939"}
{"error_type": "TypeError", "error_message": "expected int, got str", "solution": "Convert str to int using int()", "timestamp": "2026-01-17T23:08:47.298345"}
{"error_type": "FileNotFoundError", "error_message": "config.json not found", "solution": "Create config.json in project root", "session": "session_1", "timestamp": "2026-01-17T23:08:47.308119"}
{"test_name": "test_reflexion_marker_integration", "error_type": "IntegrationTestError", "error_message": "Testing reflexion integration", "timestamp": "2026-01-17T23:08:47.311531"}
{"test_name": "test_reflexion_with_real_exception", "error_type": "ZeroDivisionError", "error_message": "division by zero", "traceback": "simulated traceback", "solution": "Check denominator is not zero before division", "timestamp": "2026-01-17T23:08:47.312408"}
{"test_name": "test_feature", "error_type": "AssertionError", "error_message": "Expected 5, got 3", "traceback": "File test.py, line 10...", "timestamp": "2026-01-17T23:12:22.257357"}
{"test_name": "test_database_connection", "error_type": "ConnectionError", "error_message": "Could not connect to database", "solution": "Ensure database is running and credentials are correct", "timestamp": "2026-01-17T23:12:22.258406"}
{"error_type": "ImportError", "error_message": "No module named 'pytest'", "solution": "Install pytest: pip install pytest", "timestamp": "2026-01-17T23:12:22.259904"}
{"error_type": "TypeError", "error_message": "expected str, got int", "solution": "Convert int to str using str()", "timestamp": "2026-01-17T23:12:22.262665"}
{"error_type": "TypeError", "error_message": "expected int, got str", "solution": "Convert str to int using int()", "timestamp": "2026-01-17T23:12:22.263149"}
{"error_type": "FileNotFoundError", "error_message": "config.json not found", "solution": "Create config.json in project root", "session": "session_1", "timestamp": "2026-01-17T23:12:22.271876"}
{"test_name": "test_reflexion_marker_integration", "error_type": "IntegrationTestError", "error_message": "Testing reflexion integration", "timestamp": "2026-01-17T23:12:22.274981"}
{"test_name": "test_reflexion_with_real_exception", "error_type": "ZeroDivisionError", "error_message": "division by zero", "traceback": "simulated traceback", "solution": "Check denominator is not zero before division", "timestamp": "2026-01-17T23:12:22.276220"}
{"test_name": "test_feature", "error_type": "AssertionError", "error_message": "Expected 5, got 3", "traceback": "File test.py, line 10...", "timestamp": "2026-01-17T23:16:29.824319"}
{"test_name": "test_database_connection", "error_type": "ConnectionError", "error_message": "Could not connect to database", "solution": "Ensure database is running and credentials are correct", "timestamp": "2026-01-17T23:16:29.826138"}
{"error_type": "ImportError", "error_message": "No module named 'pytest'", "solution": "Install pytest: pip install pytest", "timestamp": "2026-01-17T23:16:29.829164"}
{"error_type": "TypeError", "error_message": "expected str, got int", "solution": "Convert int to str using str()", "timestamp": "2026-01-17T23:16:29.835266"}
{"error_type": "TypeError", "error_message": "expected int, got str", "solution": "Convert str to int using int()", "timestamp": "2026-01-17T23:16:29.835868"}
{"error_type": "FileNotFoundError", "error_message": "config.json not found", "solution": "Create config.json in project root", "session": "session_1", "timestamp": "2026-01-17T23:16:29.846508"}
{"test_name": "test_reflexion_marker_integration", "error_type": "IntegrationTestError", "error_message": "Testing reflexion integration", "timestamp": "2026-01-17T23:16:29.850918"}
{"test_name": "test_reflexion_with_real_exception", "error_type": "ZeroDivisionError", "error_message": "division by zero", "traceback": "simulated traceback", "solution": "Check denominator is not zero before division", "timestamp": "2026-01-17T23:16:29.852505"}
{"test_name": "test_feature", "error_type": "AssertionError", "error_message": "Expected 5, got 3", "traceback": "File test.py, line 10...", "timestamp": "2026-01-17T23:21:52.174556"}
{"test_name": "test_database_connection", "error_type": "ConnectionError", "error_message": "Could not connect to database", "solution": "Ensure database is running and credentials are correct", "timestamp": "2026-01-17T23:21:52.176190"}
{"error_type": "ImportError", "error_message": "No module named 'pytest'", "solution": "Install pytest: pip install pytest", "timestamp": "2026-01-17T23:21:52.178019"}
{"error_type": "TypeError", "error_message": "expected str, got int", "solution": "Convert int to str using str()", "timestamp": "2026-01-17T23:21:52.182010"}
{"error_type": "TypeError", "error_message": "expected int, got str", "solution": "Convert str to int using int()", "timestamp": "2026-01-17T23:21:52.182598"}
{"error_type": "FileNotFoundError", "error_message": "config.json not found", "solution": "Create config.json in project root", "session": "session_1", "timestamp": "2026-01-17T23:21:52.194042"}
{"test_name": "test_reflexion_marker_integration", "error_type": "IntegrationTestError", "error_message": "Testing reflexion integration", "timestamp": "2026-01-17T23:21:52.198392"}
{"test_name": "test_reflexion_with_real_exception", "error_type": "ZeroDivisionError", "error_message": "division by zero", "traceback": "simulated traceback", "solution": "Check denominator is not zero before division", "timestamp": "2026-01-17T23:21:52.199993"}
{"test_name": "test_feature", "error_type": "AssertionError", "error_message": "Expected 5, got 3", "traceback": "File test.py, line 10...", "timestamp": "2026-01-17T23:22:00.338618"}
{"test_name": "test_database_connection", "error_type": "ConnectionError", "error_message": "Could not connect to database", "solution": "Ensure database is running and credentials are correct", "timestamp": "2026-01-17T23:22:00.340578"}
{"error_type": "ImportError", "error_message": "No module named 'pytest'", "solution": "Install pytest: pip install pytest", "timestamp": "2026-01-17T23:22:00.342647"}
{"error_type": "TypeError", "error_message": "expected str, got int", "solution": "Convert int to str using str()", "timestamp": "2026-01-17T23:22:00.347124"}
{"error_type": "TypeError", "error_message": "expected int, got str", "solution": "Convert str to int using int()", "timestamp": "2026-01-17T23:22:00.347763"}
{"error_type": "FileNotFoundError", "error_message": "config.json not found", "solution": "Create config.json in project root", "session": "session_1", "timestamp": "2026-01-17T23:22:00.358510"}
{"test_name": "test_reflexion_marker_integration", "error_type": "IntegrationTestError", "error_message": "Testing reflexion integration", "timestamp": "2026-01-17T23:22:00.363120"}
{"test_name": "test_reflexion_with_real_exception", "error_type": "ZeroDivisionError", "error_message": "division by zero", "traceback": "simulated traceback", "solution": "Check denominator is not zero before division", "timestamp": "2026-01-17T23:22:00.364716"}
{"test_name": "test_feature", "error_type": "AssertionError", "error_message": "Expected 5, got 3", "traceback": "File test.py, line 10...", "timestamp": "2026-01-17T23:22:08.303873"}
{"test_name": "test_database_connection", "error_type": "ConnectionError", "error_message": "Could not connect to database", "solution": "Ensure database is running and credentials are correct", "timestamp": "2026-01-17T23:22:08.305297"}
{"error_type": "ImportError", "error_message": "No module named 'pytest'", "solution": "Install pytest: pip install pytest", "timestamp": "2026-01-17T23:22:08.307132"}
{"error_type": "TypeError", "error_message": "expected str, got int", "solution": "Convert int to str using str()", "timestamp": "2026-01-17T23:22:08.314142"}
{"error_type": "TypeError", "error_message": "expected int, got str", "solution": "Convert str to int using int()", "timestamp": "2026-01-17T23:22:08.314691"}
{"error_type": "FileNotFoundError", "error_message": "config.json not found", "solution": "Create config.json in project root", "session": "session_1", "timestamp": "2026-01-17T23:22:08.326223"}
{"test_name": "test_reflexion_marker_integration", "error_type": "IntegrationTestError", "error_message": "Testing reflexion integration", "timestamp": "2026-01-17T23:22:08.332444"}
{"test_name": "test_reflexion_with_real_exception", "error_type": "ZeroDivisionError", "error_message": "division by zero", "traceback": "simulated traceback", "solution": "Check denominator is not zero before division", "timestamp": "2026-01-17T23:22:08.333791"}
{"test_name": "test_feature", "error_type": "AssertionError", "error_message": "Expected 5, got 3", "traceback": "File test.py, line 10...", "timestamp": "2026-01-17T23:26:33.780847"}
{"test_name": "test_database_connection", "error_type": "ConnectionError", "error_message": "Could not connect to database", "solution": "Ensure database is running and credentials are correct", "timestamp": "2026-01-17T23:26:33.781861"}
{"error_type": "ImportError", "error_message": "No module named 'pytest'", "solution": "Install pytest: pip install pytest", "timestamp": "2026-01-17T23:26:33.783048"}
{"error_type": "TypeError", "error_message": "expected str, got int", "solution": "Convert int to str using str()", "timestamp": "2026-01-17T23:26:33.786332"}
{"error_type": "TypeError", "error_message": "expected int, got str", "solution": "Convert str to int using int()", "timestamp": "2026-01-17T23:26:33.786832"}
{"error_type": "FileNotFoundError", "error_message": "config.json not found", "solution": "Create config.json in project root", "session": "session_1", "timestamp": "2026-01-17T23:26:33.796285"}
{"test_name": "test_reflexion_marker_integration", "error_type": "IntegrationTestError", "error_message": "Testing reflexion integration", "timestamp": "2026-01-17T23:26:33.799533"}
{"test_name": "test_reflexion_with_real_exception", "error_type": "ZeroDivisionError", "error_message": "division by zero", "traceback": "simulated traceback", "solution": "Check denominator is not zero before division", "timestamp": "2026-01-17T23:26:33.800459"}
{"test_name": "test_feature", "error_type": "AssertionError", "error_message": "Expected 5, got 3", "traceback": "File test.py, line 10...", "timestamp": "2026-01-18T00:31:23.713899"}
{"test_name": "test_database_connection", "error_type": "ConnectionError", "error_message": "Could not connect to database", "solution": "Ensure database is running and credentials are correct", "timestamp": "2026-01-18T00:31:23.715123"}
{"error_type": "ImportError", "error_message": "No module named 'pytest'", "solution": "Install pytest: pip install pytest", "timestamp": "2026-01-18T00:31:23.716665"}
{"error_type": "TypeError", "error_message": "expected str, got int", "solution": "Convert int to str using str()", "timestamp": "2026-01-18T00:31:23.719387"}
{"error_type": "TypeError", "error_message": "expected int, got str", "solution": "Convert str to int using int()", "timestamp": "2026-01-18T00:31:23.719830"}
{"error_type": "FileNotFoundError", "error_message": "config.json not found", "solution": "Create config.json in project root", "session": "session_1", "timestamp": "2026-01-18T00:31:23.728463"}
{"test_name": "test_reflexion_marker_integration", "error_type": "IntegrationTestError", "error_message": "Testing reflexion integration", "timestamp": "2026-01-18T00:31:23.731465"}
{"test_name": "test_reflexion_with_real_exception", "error_type": "ZeroDivisionError", "error_message": "division by zero", "traceback": "simulated traceback", "solution": "Check denominator is not zero before division", "timestamp": "2026-01-18T00:31:23.732448"}
{"test_name": "test_feature", "error_type": "AssertionError", "error_message": "Expected 5, got 3", "traceback": "File test.py, line 10...", "timestamp": "2026-01-21T22:21:20.964204"}
{"test_name": "test_database_connection", "error_type": "ConnectionError", "error_message": "Could not connect to database", "solution": "Ensure database is running and credentials are correct", "timestamp": "2026-01-21T22:21:20.966578"}
{"error_type": "ImportError", "error_message": "No module named 'pytest'", "solution": "Install pytest: pip install pytest", "timestamp": "2026-01-21T22:21:20.968190"}
{"error_type": "TypeError", "error_message": "expected str, got int", "solution": "Convert int to str using str()", "timestamp": "2026-01-21T22:21:20.971660"}
{"error_type": "TypeError", "error_message": "expected int, got str", "solution": "Convert str to int using int()", "timestamp": "2026-01-21T22:21:20.972098"}
{"error_type": "FileNotFoundError", "error_message": "config.json not found", "solution": "Create config.json in project root", "session": "session_1", "timestamp": "2026-01-21T22:21:20.980859"}
{"test_name": "test_reflexion_marker_integration", "error_type": "IntegrationTestError", "error_message": "Testing reflexion integration", "timestamp": "2026-01-21T22:21:20.984115"}
{"test_name": "test_reflexion_with_real_exception", "error_type": "ZeroDivisionError", "error_message": "division by zero", "traceback": "simulated traceback", "solution": "Check denominator is not zero before division", "timestamp": "2026-01-21T22:21:20.985626"}
